<?xml version="1.0" encoding="UTF-8"?>
<robot generator="Robot 4.1.3 (Python 3.7.5 on win32)" generated="20220614 09:57:44.115" rpa="true" schemaversion="2">
<suite id="s1" name="Ekw-Checker" source="c:\Users\jpaliwod\Desktop\ekw\rcc\ekw-checker.robot">
<test id="s1-t1" name="EKW-checker">
<kw name="Show Start Notification" library="notifications">
<doc>Show the Windows notification when the task starts.</doc>
<status status="PASS" starttime="20220614 09:57:45.167" endtime="20220614 09:57:45.905"/>
</kw>
<kw name="Set Variable" library="BuiltIn">
<var>${taskCompleted}</var>
<arg>${False}</arg>
<doc>Returns the given values which can then be assigned to a variables.</doc>
<msg timestamp="20220614 09:57:45.906" level="INFO">${taskCompleted} = False</msg>
<status status="PASS" starttime="20220614 09:57:45.905" endtime="20220614 09:57:45.906"/>
</kw>
<kw name="CHeck the EKW">
<var>${containsSurname}</var>
<var>${containsBankName}</var>
<kw name="Log Into EKW">
<kw name="Open Available Browser" library="RPA.Browser.Selenium">
<arg>${EKWURL}</arg>
<arg>headless=${False}</arg>
<doc>Attempts to open a browser on the user's device from a set of
supported browsers. Automatically downloads a corresponding webdriver
if none is already installed.</doc>
<msg timestamp="20220614 09:57:45.910" level="INFO">Creating an instance of the Chrome WebDriver.</msg>
<msg timestamp="20220614 09:57:45.970" level="INFO">Created download root directory: C:\Users\jpaliwod\AppData\Local\robocorp\webdrivers</msg>
<msg timestamp="20220614 09:57:45.971" level="INFO">Created symlink directory: C:\Users\jpaliwod\AppData\Local\robocorp\webdrivers</msg>
<msg timestamp="20220614 09:57:45.971" level="INFO">Creating an instance of the Chrome WebDriver.</msg>
<msg timestamp="20220614 09:57:47.525" level="INFO">Created Chrome browser with arguments: --disable-dev-shm-usage --disable-web-security --allow-running-insecure-content --no-sandbox</msg>
<msg timestamp="20220614 09:57:47.525" level="INFO" html="true">&lt;p&gt;Attempted combinations:&lt;/p&gt;&lt;div class="doc"&gt;&lt;table&gt;&lt;tr&gt;&lt;th&gt;Browser&lt;/th&gt;&lt;th&gt;Download&lt;/th&gt;&lt;th&gt;Error&lt;/th&gt;&lt;/tr&gt;&lt;tr&gt;&lt;td&gt;Chrome&lt;/td&gt;&lt;td&gt;False&lt;/td&gt;&lt;td&gt;Message: 'chromedriver' executable needs to be in PATH. Please see https://sites.google.com/a/chromium.org/chromedriver/home
&lt;/td&gt;&lt;/tr&gt;&lt;tr&gt;&lt;td&gt;Chrome&lt;/td&gt;&lt;td&gt;True&lt;/td&gt;&lt;td&gt;&lt;/td&gt;&lt;/tr&gt;&lt;/table&gt;&lt;/div&gt;</msg>
<msg timestamp="20220614 09:57:47.525" level="INFO">Opening url 'https://przegladarka-ekw.ms.gov.pl/'</msg>
<status status="PASS" starttime="20220614 09:57:45.908" endtime="20220614 09:57:47.844"/>
</kw>
<kw name="Input Text When Element Is Visible" library="RPA.Browser.Selenium">
<arg>//*[@id="kodWydzialuInput"]</arg>
<arg>${DepartmentCode}</arg>
<doc>Input text into locator after it has become visible.</doc>
<kw name="Capture Page Screenshot" library="RPA.Browser.Selenium">
<doc>Takes a screenshot of the current page and embeds it into a log file.</doc>
<msg timestamp="20220614 09:58:27.112" level="FAIL">WebDriverException: Message: chrome not reachable
  (Session info: chrome=102.0.5005.63)
</msg>
<status status="FAIL" starttime="20220614 09:58:14.928" endtime="20220614 09:58:27.112"/>
</kw>
<msg timestamp="20220614 09:58:27.112" level="WARN">Keyword 'Capture Page Screenshot' could not be run on failure: WebDriverException: Message: chrome not reachable
  (Session info: chrome=102.0.5005.63)
</msg>
<msg timestamp="20220614 09:58:27.116" level="FAIL">WebDriverException: Message: chrome not reachable
  (Session info: chrome=102.0.5005.63)
</msg>
<status status="FAIL" starttime="20220614 09:57:47.844" endtime="20220614 09:58:27.116"/>
</kw>
<kw name="Input Text When Element Is Visible" library="RPA.Browser.Selenium">
<arg>//*[@id="numerKsiegiWieczystej"]</arg>
<arg>${KWNumber}</arg>
<doc>Input text into locator after it has become visible.</doc>
<status status="NOT RUN" starttime="20220614 09:58:27.117" endtime="20220614 09:58:27.117"/>
</kw>
<kw name="Input Text When Element Is Visible" library="RPA.Browser.Selenium">
<arg>//*[@id="cyfraKontrolna"]</arg>
<arg>${ControlDigit}</arg>
<doc>Input text into locator after it has become visible.</doc>
<status status="NOT RUN" starttime="20220614 09:58:27.117" endtime="20220614 09:58:27.117"/>
</kw>
<kw name="Click Element When Visible" library="RPA.Browser.Selenium">
<arg>//*[@id="wyszukaj"]</arg>
<doc>Click element identified by ``locator``, once it becomes visible.</doc>
<status status="NOT RUN" starttime="20220614 09:58:27.117" endtime="20220614 09:58:27.117"/>
</kw>
<status status="FAIL" starttime="20220614 09:57:45.907" endtime="20220614 09:58:27.118"/>
</kw>
<kw name="Wait Until Page Contains Element" library="RPA.Browser.Selenium">
<arg>//*[@id="content-wrapper"]</arg>
<doc>Waits until the element ``locator`` appears on the current page.</doc>
<status status="NOT RUN" starttime="20220614 09:58:27.118" endtime="20220614 09:58:27.118"/>
</kw>
<kw name="Click Element When Visible" library="RPA.Browser.Selenium">
<arg>//*[@id="przyciskWydrukZwykly"]</arg>
<doc>Click element identified by ``locator``, once it becomes visible.</doc>
<status status="NOT RUN" starttime="20220614 09:58:27.118" endtime="20220614 09:58:27.118"/>
</kw>
<kw name="Check for new owner entry">
<var>${containsSurname}</var>
<status status="NOT RUN" starttime="20220614 09:58:27.118" endtime="20220614 09:58:27.118"/>
</kw>
<kw name="Check for new mortgage entry">
<var>${containsBankName}</var>
<status status="NOT RUN" starttime="20220614 09:58:27.118" endtime="20220614 09:58:27.118"/>
</kw>
<status status="FAIL" starttime="20220614 09:57:45.906" endtime="20220614 09:58:27.119"/>
</kw>
<kw name="Set Variable" library="BuiltIn">
<var>${taskCompleted}</var>
<arg>${True}</arg>
<doc>Returns the given values which can then be assigned to a variables.</doc>
<status status="NOT RUN" starttime="20220614 09:58:27.119" endtime="20220614 09:58:27.120"/>
</kw>
<kw name="Teardown" type="TEARDOWN">
<arg>${taskCompleted}</arg>
<arg>${containsSurname}</arg>
<arg>${containsBankName}</arg>
<msg timestamp="20220614 09:58:27.122" level="FAIL">Variable '${containsSurname}' not found.</msg>
<status status="FAIL" starttime="20220614 09:58:27.120" endtime="20220614 09:58:27.122">Variable '${containsSurname}' not found.</status>
</kw>
<status status="FAIL" starttime="20220614 09:57:45.165" endtime="20220614 09:58:27.122">WebDriverException: Message: chrome not reachable
  (Session info: chrome=102.0.5005.63)


Also teardown failed:
Variable '${containsSurname}' not found.</status>
</test>
<doc>This is the bot to check if the new owner and mortgage have been signed into mortgage register</doc>
<status status="FAIL" starttime="20220614 09:57:44.118" endtime="20220614 09:58:27.126"/>
</suite>
<statistics>
<total>
<stat pass="0" fail="1" skip="0">All Tasks</stat>
</total>
<tag>
</tag>
<suite>
<stat pass="0" fail="1" skip="0" id="s1" name="Ekw-Checker">Ekw-Checker</stat>
</suite>
</statistics>
<errors>
<msg timestamp="20220614 09:58:27.112" level="WARN">Keyword 'Capture Page Screenshot' could not be run on failure: WebDriverException: Message: chrome not reachable
  (Session info: chrome=102.0.5005.63)
</msg>
</errors>
</robot>
